0 info it worked if it ends with ok
1 verbose cli [ '/Users/mariia/.nvm/versions/node/v6.11.0/bin/node',
1 verbose cli   '/Users/mariia/.nvm/versions/node/v6.11.0/bin/npm',
1 verbose cli   'run',
1 verbose cli   'gulp' ]
2 info using npm@3.10.10
3 info using node@v6.11.0
4 verbose run-script [ 'pregulp', 'gulp', 'postgulp' ]
5 info lifecycle code-gulp-skeleton@0.0.0~pregulp: code-gulp-skeleton@0.0.0
6 silly lifecycle code-gulp-skeleton@0.0.0~pregulp: no script for pregulp, continuing
7 info lifecycle code-gulp-skeleton@0.0.0~gulp: code-gulp-skeleton@0.0.0
8 verbose lifecycle code-gulp-skeleton@0.0.0~gulp: unsafe-perm in lifecycle true
9 verbose lifecycle code-gulp-skeleton@0.0.0~gulp: PATH: /Users/mariia/.nvm/versions/node/v6.11.0/lib/node_modules/npm/bin/node-gyp-bin:/Users/mariia/Dev/e-commerce/node_modules/.bin:/Users/mariia/.nvm/versions/node/v6.11.0/bin:/Users/mariia/.rvm/gems/ruby-2.4.2/bin:/Users/mariia/.rvm/gems/ruby-2.4.2@global/bin:/Users/mariia/.rvm/rubies/ruby-2.4.2/bin:/usr/local/opt/libxml2/bin:/usr/local/bin:/usr/local/sbin:/usr/local/sbin:/Library/Frameworks/GDAL.framework/Programs:/usr/local/bin:/usr/bin:/bin:/usr/sbin:/sbin:/Users/mariia/.rvm/bin
10 verbose lifecycle code-gulp-skeleton@0.0.0~gulp: CWD: /Users/mariia/Dev/e-commerce
11 silly lifecycle code-gulp-skeleton@0.0.0~gulp: Args: [ '-c', './node_modules/gulp/bin/gulp.js' ]
12 silly lifecycle code-gulp-skeleton@0.0.0~gulp: Returned: code: 1  signal: null
13 info lifecycle code-gulp-skeleton@0.0.0~gulp: Failed to exec gulp script
14 verbose stack Error: code-gulp-skeleton@0.0.0 gulp: `./node_modules/gulp/bin/gulp.js`
14 verbose stack Exit status 1
14 verbose stack     at EventEmitter.<anonymous> (/Users/mariia/.nvm/versions/node/v6.11.0/lib/node_modules/npm/lib/utils/lifecycle.js:255:16)
14 verbose stack     at emitTwo (events.js:106:13)
14 verbose stack     at EventEmitter.emit (events.js:191:7)
14 verbose stack     at ChildProcess.<anonymous> (/Users/mariia/.nvm/versions/node/v6.11.0/lib/node_modules/npm/lib/utils/spawn.js:40:14)
14 verbose stack     at emitTwo (events.js:106:13)
14 verbose stack     at ChildProcess.emit (events.js:191:7)
14 verbose stack     at maybeClose (internal/child_process.js:891:16)
14 verbose stack     at Process.ChildProcess._handle.onexit (internal/child_process.js:226:5)
15 verbose pkgid code-gulp-skeleton@0.0.0
16 verbose cwd /Users/mariia/Dev/e-commerce
17 error Darwin 16.7.0
18 error argv "/Users/mariia/.nvm/versions/node/v6.11.0/bin/node" "/Users/mariia/.nvm/versions/node/v6.11.0/bin/npm" "run" "gulp"
19 error node v6.11.0
20 error npm  v3.10.10
21 error code ELIFECYCLE
22 error code-gulp-skeleton@0.0.0 gulp: `./node_modules/gulp/bin/gulp.js`
22 error Exit status 1
23 error Failed at the code-gulp-skeleton@0.0.0 gulp script './node_modules/gulp/bin/gulp.js'.
23 error Make sure you have the latest version of node.js and npm installed.
23 error If you do, this is most likely a problem with the code-gulp-skeleton package,
23 error not with npm itself.
23 error Tell the author that this fails on your system:
23 error     ./node_modules/gulp/bin/gulp.js
23 error You can get information on how to open an issue for this project with:
23 error     npm bugs code-gulp-skeleton
23 error Or if that isn't available, you can get their info via:
23 error     npm owner ls code-gulp-skeleton
23 error There is likely additional logging output above.
24 verbose exit [ 1, true ]
